{
  "stats": {
    "suites": 38,
    "tests": 110,
    "passes": 110,
    "pending": 0,
    "failures": 0,
    "start": "2024-11-27T18:39:07.127Z",
    "end": "2024-11-27T18:39:07.200Z",
    "duration": 73,
    "testsRegistered": 110,
    "passPercent": 100,
    "pendingPercent": 0,
    "other": 0,
    "hasOther": false,
    "skipped": 0,
    "hasSkipped": false
  },
  "results": [
    {
      "uuid": "3d31943d-38c2-4965-b2c0-edb94eef5782",
      "title": "",
      "fullFile": "",
      "file": "",
      "beforeHooks": [],
      "afterHooks": [],
      "tests": [],
      "suites": [
        {
          "uuid": "1912c829-dbc8-4e12-a69d-b4a2f170b9af",
          "title": "Proyecto: Papelería \"Ciber Center\"",
          "fullFile": "C:\\Users\\GIOVANNI GARCIA R\\OneDrive\\Escritorio\\Validaciones Proyecto\\test\\api.test.js",
          "file": "\\test\\api.test.js",
          "beforeHooks": [],
          "afterHooks": [],
          "tests": [],
          "suites": [
            {
              "uuid": "f60cff7e-6530-4f01-be6e-c577b242b187",
              "title": "Api 1.- Clientes",
              "fullFile": "C:\\Users\\GIOVANNI GARCIA R\\OneDrive\\Escritorio\\Validaciones Proyecto\\test\\api.test.js",
              "file": "\\test\\api.test.js",
              "beforeHooks": [],
              "afterHooks": [],
              "tests": [],
              "suites": [
                {
                  "uuid": "808c3d9b-0304-41a1-988e-e37b7ba3e0e6",
                  "title": "Validación de Nombre Completo",
                  "fullFile": "C:\\Users\\GIOVANNI GARCIA R\\OneDrive\\Escritorio\\Validaciones Proyecto\\test\\api.test.js",
                  "file": "\\test\\api.test.js",
                  "beforeHooks": [],
                  "afterHooks": [],
                  "tests": [
                    {
                      "title": "Debe rechazar nombre vacío",
                      "fullTitle": "Proyecto: Papelería \"Ciber Center\" Api 1.- Clientes Validación de Nombre Completo Debe rechazar nombre vacío",
                      "timedOut": false,
                      "duration": 1,
                      "state": "passed",
                      "speed": "fast",
                      "pass": true,
                      "fail": false,
                      "pending": false,
                      "context": null,
                      "code": "const resultado = validarNombreCliente('');\nexpect(resultado).to.equal('Este campo es obligatorio.');",
                      "err": {},
                      "uuid": "6a4cdbfe-eb6f-46e2-9752-22ebaa465565",
                      "parentUUID": "808c3d9b-0304-41a1-988e-e37b7ba3e0e6",
                      "isHook": false,
                      "skipped": false
                    },
                    {
                      "title": "Debe rechazar nombre con menos de 3 caracteres",
                      "fullTitle": "Proyecto: Papelería \"Ciber Center\" Api 1.- Clientes Validación de Nombre Completo Debe rechazar nombre con menos de 3 caracteres",
                      "timedOut": false,
                      "duration": 0,
                      "state": "passed",
                      "speed": "fast",
                      "pass": true,
                      "fail": false,
                      "pending": false,
                      "context": null,
                      "code": "const resultado = validarNombreCliente('A');\nexpect(resultado).to.equal('El nombre debe tener al menos 3 caracteres.');",
                      "err": {},
                      "uuid": "a2dc703f-152a-4d6f-b346-531d62d21807",
                      "parentUUID": "808c3d9b-0304-41a1-988e-e37b7ba3e0e6",
                      "isHook": false,
                      "skipped": false
                    },
                    {
                      "title": "Debe aceptar nombre válido",
                      "fullTitle": "Proyecto: Papelería \"Ciber Center\" Api 1.- Clientes Validación de Nombre Completo Debe aceptar nombre válido",
                      "timedOut": false,
                      "duration": 0,
                      "state": "passed",
                      "speed": "fast",
                      "pass": true,
                      "fail": false,
                      "pending": false,
                      "context": null,
                      "code": "const resultado = validarNombreCliente('Juan Carlos');\nexpect(resultado).to.equal('Válido');",
                      "err": {},
                      "uuid": "f020acbc-c0c0-48b0-871e-9f38a8f73612",
                      "parentUUID": "808c3d9b-0304-41a1-988e-e37b7ba3e0e6",
                      "isHook": false,
                      "skipped": false
                    },
                    {
                      "title": "Debe rechazar nombre con caracteres no permitidos",
                      "fullTitle": "Proyecto: Papelería \"Ciber Center\" Api 1.- Clientes Validación de Nombre Completo Debe rechazar nombre con caracteres no permitidos",
                      "timedOut": false,
                      "duration": 0,
                      "state": "passed",
                      "speed": "fast",
                      "pass": true,
                      "fail": false,
                      "pending": false,
                      "context": null,
                      "code": "const resultado = validarNombreCliente('Juan#Carlos');\nexpect(resultado).to.equal('El nombre solo debe contener letras y espacios.');",
                      "err": {},
                      "uuid": "b814bee4-bba1-4cd4-b764-9c121eb75211",
                      "parentUUID": "808c3d9b-0304-41a1-988e-e37b7ba3e0e6",
                      "isHook": false,
                      "skipped": false
                    },
                    {
                      "title": "Debe aceptar nombre con acentos y caracteres especiales permitidos",
                      "fullTitle": "Proyecto: Papelería \"Ciber Center\" Api 1.- Clientes Validación de Nombre Completo Debe aceptar nombre con acentos y caracteres especiales permitidos",
                      "timedOut": false,
                      "duration": 0,
                      "state": "passed",
                      "speed": "fast",
                      "pass": true,
                      "fail": false,
                      "pending": false,
                      "context": null,
                      "code": "const resultado = validarNombreCliente('José María');\nexpect(resultado).to.equal('Válido');",
                      "err": {},
                      "uuid": "55cdf0b4-f073-47e1-9802-ea5eb4ce3b36",
                      "parentUUID": "808c3d9b-0304-41a1-988e-e37b7ba3e0e6",
                      "isHook": false,
                      "skipped": false
                    },
                    {
                      "title": "Debe rechazar nombre con espacios consecutivos",
                      "fullTitle": "Proyecto: Papelería \"Ciber Center\" Api 1.- Clientes Validación de Nombre Completo Debe rechazar nombre con espacios consecutivos",
                      "timedOut": false,
                      "duration": 1,
                      "state": "passed",
                      "speed": "fast",
                      "pass": true,
                      "fail": false,
                      "pending": false,
                      "context": null,
                      "code": "const resultado = validarNombreCliente('Juan  Carlos');\nexpect(resultado).to.equal('El nombre no debe contener espacios consecutivos.');",
                      "err": {},
                      "uuid": "638afee1-749d-4777-9191-03d0eaa07e61",
                      "parentUUID": "808c3d9b-0304-41a1-988e-e37b7ba3e0e6",
                      "isHook": false,
                      "skipped": false
                    },
                    {
                      "title": "Debe rechazar nombre con longitud mayor a 100 caracteres",
                      "fullTitle": "Proyecto: Papelería \"Ciber Center\" Api 1.- Clientes Validación de Nombre Completo Debe rechazar nombre con longitud mayor a 100 caracteres",
                      "timedOut": false,
                      "duration": 0,
                      "state": "passed",
                      "speed": "fast",
                      "pass": true,
                      "fail": false,
                      "pending": false,
                      "context": null,
                      "code": "const resultado = validarNombreCliente('A'.repeat(101));\nexpect(resultado).to.equal('El nombre no debe exceder los 100 caracteres.');",
                      "err": {},
                      "uuid": "7d9d3beb-803a-46f5-95ea-c1f1f9f72885",
                      "parentUUID": "808c3d9b-0304-41a1-988e-e37b7ba3e0e6",
                      "isHook": false,
                      "skipped": false
                    }
                  ],
                  "suites": [],
                  "passes": [
                    "6a4cdbfe-eb6f-46e2-9752-22ebaa465565",
                    "a2dc703f-152a-4d6f-b346-531d62d21807",
                    "f020acbc-c0c0-48b0-871e-9f38a8f73612",
                    "b814bee4-bba1-4cd4-b764-9c121eb75211",
                    "55cdf0b4-f073-47e1-9802-ea5eb4ce3b36",
                    "638afee1-749d-4777-9191-03d0eaa07e61",
                    "7d9d3beb-803a-46f5-95ea-c1f1f9f72885"
                  ],
                  "failures": [],
                  "pending": [],
                  "skipped": [],
                  "duration": 2,
                  "root": false,
                  "rootEmpty": false,
                  "_timeout": 2000
                },
                {
                  "uuid": "c34b9bb6-557a-4005-8a7a-e88f1e27f5ef",
                  "title": "Validación de Número de Teléfono",
                  "fullFile": "C:\\Users\\GIOVANNI GARCIA R\\OneDrive\\Escritorio\\Validaciones Proyecto\\test\\api.test.js",
                  "file": "\\test\\api.test.js",
                  "beforeHooks": [],
                  "afterHooks": [],
                  "tests": [
                    {
                      "title": "Debe rechazar número vacío",
                      "fullTitle": "Proyecto: Papelería \"Ciber Center\" Api 1.- Clientes Validación de Número de Teléfono Debe rechazar número vacío",
                      "timedOut": false,
                      "duration": 0,
                      "state": "passed",
                      "speed": "fast",
                      "pass": true,
                      "fail": false,
                      "pending": false,
                      "context": null,
                      "code": "const resultado = validarTelefonoCliente('');\nexpect(resultado).to.equal('Este campo es obligatorio.');",
                      "err": {},
                      "uuid": "4bd50a9b-fae5-40c5-90f5-e303cecc39e1",
                      "parentUUID": "c34b9bb6-557a-4005-8a7a-e88f1e27f5ef",
                      "isHook": false,
                      "skipped": false
                    },
                    {
                      "title": "Debe rechazar número con menos de 10 dígitos",
                      "fullTitle": "Proyecto: Papelería \"Ciber Center\" Api 1.- Clientes Validación de Número de Teléfono Debe rechazar número con menos de 10 dígitos",
                      "timedOut": false,
                      "duration": 0,
                      "state": "passed",
                      "speed": "fast",
                      "pass": true,
                      "fail": false,
                      "pending": false,
                      "context": null,
                      "code": "const resultado = validarTelefonoCliente('123456789');\nexpect(resultado).to.equal('El número de teléfono debe tener entre 10 y 15 dígitos.');",
                      "err": {},
                      "uuid": "03a550ca-5ad8-4d80-9d0c-aa4218188945",
                      "parentUUID": "c34b9bb6-557a-4005-8a7a-e88f1e27f5ef",
                      "isHook": false,
                      "skipped": false
                    },
                    {
                      "title": "Debe aceptar número con 10 dígitos",
                      "fullTitle": "Proyecto: Papelería \"Ciber Center\" Api 1.- Clientes Validación de Número de Teléfono Debe aceptar número con 10 dígitos",
                      "timedOut": false,
                      "duration": 0,
                      "state": "passed",
                      "speed": "fast",
                      "pass": true,
                      "fail": false,
                      "pending": false,
                      "context": null,
                      "code": "const resultado = validarTelefonoCliente('1234567890');\nexpect(resultado).to.equal('Válido');",
                      "err": {},
                      "uuid": "3fb0e206-8914-435d-9bad-6f10208e073a",
                      "parentUUID": "c34b9bb6-557a-4005-8a7a-e88f1e27f5ef",
                      "isHook": false,
                      "skipped": false
                    },
                    {
                      "title": "Debe aceptar número con formato internacional válido",
                      "fullTitle": "Proyecto: Papelería \"Ciber Center\" Api 1.- Clientes Validación de Número de Teléfono Debe aceptar número con formato internacional válido",
                      "timedOut": false,
                      "duration": 0,
                      "state": "passed",
                      "speed": "fast",
                      "pass": true,
                      "fail": false,
                      "pending": false,
                      "context": null,
                      "code": "const resultado = validarTelefonoCliente('+52 1234567890');\nexpect(resultado).to.equal('Válido');",
                      "err": {},
                      "uuid": "6644b642-128f-4fe8-92b9-550444f13ef7",
                      "parentUUID": "c34b9bb6-557a-4005-8a7a-e88f1e27f5ef",
                      "isHook": false,
                      "skipped": false
                    },
                    {
                      "title": "Debe rechazar número con más de 15 dígitos",
                      "fullTitle": "Proyecto: Papelería \"Ciber Center\" Api 1.- Clientes Validación de Número de Teléfono Debe rechazar número con más de 15 dígitos",
                      "timedOut": false,
                      "duration": 0,
                      "state": "passed",
                      "speed": "fast",
                      "pass": true,
                      "fail": false,
                      "pending": false,
                      "context": null,
                      "code": "const resultado = validarTelefonoCliente('1234567890123456');\nexpect(resultado).to.equal('El número de teléfono debe tener entre 10 y 15 dígitos.');",
                      "err": {},
                      "uuid": "65b4de1a-a926-47cd-ba14-9e0159548fe6",
                      "parentUUID": "c34b9bb6-557a-4005-8a7a-e88f1e27f5ef",
                      "isHook": false,
                      "skipped": false
                    },
                    {
                      "title": "Debe rechazar número con caracteres no numéricos",
                      "fullTitle": "Proyecto: Papelería \"Ciber Center\" Api 1.- Clientes Validación de Número de Teléfono Debe rechazar número con caracteres no numéricos",
                      "timedOut": false,
                      "duration": 0,
                      "state": "passed",
                      "speed": "fast",
                      "pass": true,
                      "fail": false,
                      "pending": false,
                      "context": null,
                      "code": "const resultado = validarTelefonoCliente('123-456-7890');\nexpect(resultado).to.equal('El número de teléfono debe tener entre 10 y 15 dígitos.');",
                      "err": {},
                      "uuid": "418ee047-05fd-4e4e-a135-61965c369cf5",
                      "parentUUID": "c34b9bb6-557a-4005-8a7a-e88f1e27f5ef",
                      "isHook": false,
                      "skipped": false
                    }
                  ],
                  "suites": [],
                  "passes": [
                    "4bd50a9b-fae5-40c5-90f5-e303cecc39e1",
                    "03a550ca-5ad8-4d80-9d0c-aa4218188945",
                    "3fb0e206-8914-435d-9bad-6f10208e073a",
                    "6644b642-128f-4fe8-92b9-550444f13ef7",
                    "65b4de1a-a926-47cd-ba14-9e0159548fe6",
                    "418ee047-05fd-4e4e-a135-61965c369cf5"
                  ],
                  "failures": [],
                  "pending": [],
                  "skipped": [],
                  "duration": 0,
                  "root": false,
                  "rootEmpty": false,
                  "_timeout": 2000
                }
              ],
              "passes": [],
              "failures": [],
              "pending": [],
              "skipped": [],
              "duration": 0,
              "root": false,
              "rootEmpty": false,
              "_timeout": 2000
            }
          ],
          "passes": [],
          "failures": [],
          "pending": [],
          "skipped": [],
          "duration": 0,
          "root": false,
          "rootEmpty": false,
          "_timeout": 2000
        },
        {
          "uuid": "e65ef734-e277-473a-bb80-6ba07f826eb8",
          "title": "Api 2.- Empleados",
          "fullFile": "C:\\Users\\GIOVANNI GARCIA R\\OneDrive\\Escritorio\\Validaciones Proyecto\\test\\api.test.js",
          "file": "\\test\\api.test.js",
          "beforeHooks": [],
          "afterHooks": [],
          "tests": [],
          "suites": [
            {
              "uuid": "b1f0e8c1-6d72-4df9-a400-1d5f82f69a86",
              "title": "Validación de Clave de Empleado",
              "fullFile": "C:\\Users\\GIOVANNI GARCIA R\\OneDrive\\Escritorio\\Validaciones Proyecto\\test\\api.test.js",
              "file": "\\test\\api.test.js",
              "beforeHooks": [],
              "afterHooks": [],
              "tests": [
                {
                  "title": "Debe rechazar clave vacía",
                  "fullTitle": "Api 2.- Empleados Validación de Clave de Empleado Debe rechazar clave vacía",
                  "timedOut": false,
                  "duration": 0,
                  "state": "passed",
                  "speed": "fast",
                  "pass": true,
                  "fail": false,
                  "pending": false,
                  "context": null,
                  "code": "expect(validarClaveEmpleado('')).to.equal('Este campo es obligatorio.');",
                  "err": {},
                  "uuid": "1279cde3-969b-4a12-a570-5bb934a347bc",
                  "parentUUID": "b1f0e8c1-6d72-4df9-a400-1d5f82f69a86",
                  "isHook": false,
                  "skipped": false
                },
                {
                  "title": "Debe rechazar clave con formato incorrecto",
                  "fullTitle": "Api 2.- Empleados Validación de Clave de Empleado Debe rechazar clave con formato incorrecto",
                  "timedOut": false,
                  "duration": 1,
                  "state": "passed",
                  "speed": "fast",
                  "pass": true,
                  "fail": false,
                  "pending": false,
                  "context": null,
                  "code": "expect(validarClaveEmpleado('ABC1234')).to.equal('La clave debe tener 4 letras mayúsculas seguidas de 3 números.');",
                  "err": {},
                  "uuid": "2bb64f7b-572a-4cd9-acb4-d10529281d50",
                  "parentUUID": "b1f0e8c1-6d72-4df9-a400-1d5f82f69a86",
                  "isHook": false,
                  "skipped": false
                },
                {
                  "title": "Debe aceptar clave válida",
                  "fullTitle": "Api 2.- Empleados Validación de Clave de Empleado Debe aceptar clave válida",
                  "timedOut": false,
                  "duration": 0,
                  "state": "passed",
                  "speed": "fast",
                  "pass": true,
                  "fail": false,
                  "pending": false,
                  "context": null,
                  "code": "expect(validarClaveEmpleado('ABCD123')).to.equal('Válido');",
                  "err": {},
                  "uuid": "669a4bea-e8c9-4fc4-9792-29ba0610f5bc",
                  "parentUUID": "b1f0e8c1-6d72-4df9-a400-1d5f82f69a86",
                  "isHook": false,
                  "skipped": false
                }
              ],
              "suites": [],
              "passes": [
                "1279cde3-969b-4a12-a570-5bb934a347bc",
                "2bb64f7b-572a-4cd9-acb4-d10529281d50",
                "669a4bea-e8c9-4fc4-9792-29ba0610f5bc"
              ],
              "failures": [],
              "pending": [],
              "skipped": [],
              "duration": 1,
              "root": false,
              "rootEmpty": false,
              "_timeout": 2000
            },
            {
              "uuid": "bd087448-b3a3-4b8e-bf66-a561db95f819",
              "title": "Validación de Nombre Completo",
              "fullFile": "C:\\Users\\GIOVANNI GARCIA R\\OneDrive\\Escritorio\\Validaciones Proyecto\\test\\api.test.js",
              "file": "\\test\\api.test.js",
              "beforeHooks": [],
              "afterHooks": [],
              "tests": [
                {
                  "title": "Debe rechazar nombre vacío",
                  "fullTitle": "Api 2.- Empleados Validación de Nombre Completo Debe rechazar nombre vacío",
                  "timedOut": false,
                  "duration": 0,
                  "state": "passed",
                  "speed": "fast",
                  "pass": true,
                  "fail": false,
                  "pending": false,
                  "context": null,
                  "code": "expect(validarNombreEmpleado('')).to.equal('Este campo es obligatorio.');",
                  "err": {},
                  "uuid": "98bf45d5-279a-41cc-b6ba-a2a423d0ad17",
                  "parentUUID": "bd087448-b3a3-4b8e-bf66-a561db95f819",
                  "isHook": false,
                  "skipped": false
                },
                {
                  "title": "Debe aceptar nombre válido",
                  "fullTitle": "Api 2.- Empleados Validación de Nombre Completo Debe aceptar nombre válido",
                  "timedOut": false,
                  "duration": 0,
                  "state": "passed",
                  "speed": "fast",
                  "pass": true,
                  "fail": false,
                  "pending": false,
                  "context": null,
                  "code": "expect(validarNombreEmpleado('Juan Pérez López')).to.equal('Válido');",
                  "err": {},
                  "uuid": "6a9264c8-b4ba-4628-84dd-559ce6515df3",
                  "parentUUID": "bd087448-b3a3-4b8e-bf66-a561db95f819",
                  "isHook": false,
                  "skipped": false
                },
                {
                  "title": "Debe rechazar nombre con caracteres no permitidos",
                  "fullTitle": "Api 2.- Empleados Validación de Nombre Completo Debe rechazar nombre con caracteres no permitidos",
                  "timedOut": false,
                  "duration": 0,
                  "state": "passed",
                  "speed": "fast",
                  "pass": true,
                  "fail": false,
                  "pending": false,
                  "context": null,
                  "code": "expect(validarNombreEmpleado('Juan#Pérez')).to.equal('El nombre solo debe contener letras y espacios.');",
                  "err": {},
                  "uuid": "04a8bca9-8d58-47c3-8a14-41e3cc78f1e7",
                  "parentUUID": "bd087448-b3a3-4b8e-bf66-a561db95f819",
                  "isHook": false,
                  "skipped": false
                },
                {
                  "title": "Debe rechazar nombre con longitud mayor a 150 caracteres",
                  "fullTitle": "Api 2.- Empleados Validación de Nombre Completo Debe rechazar nombre con longitud mayor a 150 caracteres",
                  "timedOut": false,
                  "duration": 0,
                  "state": "passed",
                  "speed": "fast",
                  "pass": true,
                  "fail": false,
                  "pending": false,
                  "context": null,
                  "code": "const largoNombre = 'A'.repeat(151);\nexpect(validarNombreEmpleado(largoNombre)).to.equal('El nombre no debe exceder los 150 caracteres.');",
                  "err": {},
                  "uuid": "42469264-e93b-4f22-b000-317dc18b4e28",
                  "parentUUID": "bd087448-b3a3-4b8e-bf66-a561db95f819",
                  "isHook": false,
                  "skipped": false
                }
              ],
              "suites": [],
              "passes": [
                "98bf45d5-279a-41cc-b6ba-a2a423d0ad17",
                "6a9264c8-b4ba-4628-84dd-559ce6515df3",
                "04a8bca9-8d58-47c3-8a14-41e3cc78f1e7",
                "42469264-e93b-4f22-b000-317dc18b4e28"
              ],
              "failures": [],
              "pending": [],
              "skipped": [],
              "duration": 0,
              "root": false,
              "rootEmpty": false,
              "_timeout": 2000
            },
            {
              "uuid": "5cd876f1-42f7-4ccb-9b6e-14a6c288030d",
              "title": "Validación de Fecha de Nacimiento",
              "fullFile": "C:\\Users\\GIOVANNI GARCIA R\\OneDrive\\Escritorio\\Validaciones Proyecto\\test\\api.test.js",
              "file": "\\test\\api.test.js",
              "beforeHooks": [],
              "afterHooks": [],
              "tests": [
                {
                  "title": "Debe rechazar fecha vacía",
                  "fullTitle": "Api 2.- Empleados Validación de Fecha de Nacimiento Debe rechazar fecha vacía",
                  "timedOut": false,
                  "duration": 0,
                  "state": "passed",
                  "speed": "fast",
                  "pass": true,
                  "fail": false,
                  "pending": false,
                  "context": null,
                  "code": "expect(validarFechaNacimientoEmpleado('')).to.equal('Este campo es obligatorio.');",
                  "err": {},
                  "uuid": "abdd24c9-bad6-47c4-aaca-8d9db87c51f6",
                  "parentUUID": "5cd876f1-42f7-4ccb-9b6e-14a6c288030d",
                  "isHook": false,
                  "skipped": false
                },
                {
                  "title": "Debe rechazar fecha con formato incorrecto",
                  "fullTitle": "Api 2.- Empleados Validación de Fecha de Nacimiento Debe rechazar fecha con formato incorrecto",
                  "timedOut": false,
                  "duration": 0,
                  "state": "passed",
                  "speed": "fast",
                  "pass": true,
                  "fail": false,
                  "pending": false,
                  "context": null,
                  "code": "expect(validarFechaNacimientoEmpleado('2024/11/27')).to.equal('La fecha debe estar en formato dd-mm-aaaa.');",
                  "err": {},
                  "uuid": "154e01d8-f863-461e-a948-1bdce0367046",
                  "parentUUID": "5cd876f1-42f7-4ccb-9b6e-14a6c288030d",
                  "isHook": false,
                  "skipped": false
                },
                {
                  "title": "Debe aceptar fecha válida",
                  "fullTitle": "Api 2.- Empleados Validación de Fecha de Nacimiento Debe aceptar fecha válida",
                  "timedOut": false,
                  "duration": 0,
                  "state": "passed",
                  "speed": "fast",
                  "pass": true,
                  "fail": false,
                  "pending": false,
                  "context": null,
                  "code": "expect(validarFechaNacimientoEmpleado('27-11-2024')).to.equal('Válido');",
                  "err": {},
                  "uuid": "03af423e-c44b-48da-a0b4-e7142efc6326",
                  "parentUUID": "5cd876f1-42f7-4ccb-9b6e-14a6c288030d",
                  "isHook": false,
                  "skipped": false
                },
                {
                  "title": "Debe rechazar fecha con valores inválidos",
                  "fullTitle": "Api 2.- Empleados Validación de Fecha de Nacimiento Debe rechazar fecha con valores inválidos",
                  "timedOut": false,
                  "duration": 1,
                  "state": "passed",
                  "speed": "fast",
                  "pass": true,
                  "fail": false,
                  "pending": false,
                  "context": null,
                  "code": "expect(validarFechaNacimientoEmpleado('32-13-2024')).to.equal('La fecha contiene valores inválidos.');",
                  "err": {},
                  "uuid": "532649f9-c522-4b7c-9258-f692783abe49",
                  "parentUUID": "5cd876f1-42f7-4ccb-9b6e-14a6c288030d",
                  "isHook": false,
                  "skipped": false
                }
              ],
              "suites": [],
              "passes": [
                "abdd24c9-bad6-47c4-aaca-8d9db87c51f6",
                "154e01d8-f863-461e-a948-1bdce0367046",
                "03af423e-c44b-48da-a0b4-e7142efc6326",
                "532649f9-c522-4b7c-9258-f692783abe49"
              ],
              "failures": [],
              "pending": [],
              "skipped": [],
              "duration": 1,
              "root": false,
              "rootEmpty": false,
              "_timeout": 2000
            },
            {
              "uuid": "e0e9c77e-97be-45ac-9b9a-8fdc332d118a",
              "title": "Validación de Número de Teléfono",
              "fullFile": "C:\\Users\\GIOVANNI GARCIA R\\OneDrive\\Escritorio\\Validaciones Proyecto\\test\\api.test.js",
              "file": "\\test\\api.test.js",
              "beforeHooks": [],
              "afterHooks": [],
              "tests": [
                {
                  "title": "Debe rechazar teléfono vacío",
                  "fullTitle": "Api 2.- Empleados Validación de Número de Teléfono Debe rechazar teléfono vacío",
                  "timedOut": false,
                  "duration": 1,
                  "state": "passed",
                  "speed": "fast",
                  "pass": true,
                  "fail": false,
                  "pending": false,
                  "context": null,
                  "code": "expect(validarTelefonoEmpleado('')).to.equal('Este campo es obligatorio.');",
                  "err": {},
                  "uuid": "9bdb124b-1db3-4e6e-8916-657bc73247d0",
                  "parentUUID": "e0e9c77e-97be-45ac-9b9a-8fdc332d118a",
                  "isHook": false,
                  "skipped": false
                },
                {
                  "title": "Debe aceptar teléfono válido con 10 dígitos",
                  "fullTitle": "Api 2.- Empleados Validación de Número de Teléfono Debe aceptar teléfono válido con 10 dígitos",
                  "timedOut": false,
                  "duration": 0,
                  "state": "passed",
                  "speed": "fast",
                  "pass": true,
                  "fail": false,
                  "pending": false,
                  "context": null,
                  "code": "expect(validarTelefonoEmpleado('1234567890')).to.equal('Válido');",
                  "err": {},
                  "uuid": "d5907850-879c-4f85-b607-40d6857910fd",
                  "parentUUID": "e0e9c77e-97be-45ac-9b9a-8fdc332d118a",
                  "isHook": false,
                  "skipped": false
                },
                {
                  "title": "Debe aceptar teléfono válido en formato internacional",
                  "fullTitle": "Api 2.- Empleados Validación de Número de Teléfono Debe aceptar teléfono válido en formato internacional",
                  "timedOut": false,
                  "duration": 1,
                  "state": "passed",
                  "speed": "fast",
                  "pass": true,
                  "fail": false,
                  "pending": false,
                  "context": null,
                  "code": "expect(validarTelefonoEmpleado('+52 1234567890')).to.equal('Válido');",
                  "err": {},
                  "uuid": "d7c00ecb-9377-447b-9b2a-025f61da2048",
                  "parentUUID": "e0e9c77e-97be-45ac-9b9a-8fdc332d118a",
                  "isHook": false,
                  "skipped": false
                },
                {
                  "title": "Debe rechazar teléfono con menos de 10 dígitos",
                  "fullTitle": "Api 2.- Empleados Validación de Número de Teléfono Debe rechazar teléfono con menos de 10 dígitos",
                  "timedOut": false,
                  "duration": 0,
                  "state": "passed",
                  "speed": "fast",
                  "pass": true,
                  "fail": false,
                  "pending": false,
                  "context": null,
                  "code": "expect(validarTelefonoEmpleado('123456789')).to.equal('El número de teléfono debe tener entre 10 y 15 dígitos.');",
                  "err": {},
                  "uuid": "c5c146bc-a3bf-45dd-b503-8f1b4a5e7c8d",
                  "parentUUID": "e0e9c77e-97be-45ac-9b9a-8fdc332d118a",
                  "isHook": false,
                  "skipped": false
                }
              ],
              "suites": [],
              "passes": [
                "9bdb124b-1db3-4e6e-8916-657bc73247d0",
                "d5907850-879c-4f85-b607-40d6857910fd",
                "d7c00ecb-9377-447b-9b2a-025f61da2048",
                "c5c146bc-a3bf-45dd-b503-8f1b4a5e7c8d"
              ],
              "failures": [],
              "pending": [],
              "skipped": [],
              "duration": 2,
              "root": false,
              "rootEmpty": false,
              "_timeout": 2000
            }
          ],
          "passes": [],
          "failures": [],
          "pending": [],
          "skipped": [],
          "duration": 0,
          "root": false,
          "rootEmpty": false,
          "_timeout": 2000
        },
        {
          "uuid": "6ced7b3c-0544-4411-8dbe-a112a78ae7a5",
          "title": "Api 3.- Usuarios",
          "fullFile": "C:\\Users\\GIOVANNI GARCIA R\\OneDrive\\Escritorio\\Validaciones Proyecto\\test\\api.test.js",
          "file": "\\test\\api.test.js",
          "beforeHooks": [],
          "afterHooks": [],
          "tests": [],
          "suites": [
            {
              "uuid": "10539418-4701-4476-908c-c502307b8322",
              "title": "Validación de Nombre de Usuario",
              "fullFile": "C:\\Users\\GIOVANNI GARCIA R\\OneDrive\\Escritorio\\Validaciones Proyecto\\test\\api.test.js",
              "file": "\\test\\api.test.js",
              "beforeHooks": [],
              "afterHooks": [],
              "tests": [
                {
                  "title": "Debe rechazar nombre de usuario vacío",
                  "fullTitle": "Api 3.- Usuarios Validación de Nombre de Usuario Debe rechazar nombre de usuario vacío",
                  "timedOut": false,
                  "duration": 0,
                  "state": "passed",
                  "speed": "fast",
                  "pass": true,
                  "fail": false,
                  "pending": false,
                  "context": null,
                  "code": "expect(validarNombreUsuario('')).to.equal('Este campo es obligatorio.');",
                  "err": {},
                  "uuid": "c5a5d342-395b-4836-82e7-53a00fde8403",
                  "parentUUID": "10539418-4701-4476-908c-c502307b8322",
                  "isHook": false,
                  "skipped": false
                },
                {
                  "title": "Debe rechazar nombre de usuario con menos de 5 caracteres",
                  "fullTitle": "Api 3.- Usuarios Validación de Nombre de Usuario Debe rechazar nombre de usuario con menos de 5 caracteres",
                  "timedOut": false,
                  "duration": 0,
                  "state": "passed",
                  "speed": "fast",
                  "pass": true,
                  "fail": false,
                  "pending": false,
                  "context": null,
                  "code": "expect(validarNombreUsuario('Juan')).to.equal('El nombre de usuario debe tener al menos 5 caracteres.');",
                  "err": {},
                  "uuid": "27b07f79-c5a3-4be1-94f7-15ca6c25b206",
                  "parentUUID": "10539418-4701-4476-908c-c502307b8322",
                  "isHook": false,
                  "skipped": false
                },
                {
                  "title": "Debe rechazar nombre de usuario con más de 20 caracteres",
                  "fullTitle": "Api 3.- Usuarios Validación de Nombre de Usuario Debe rechazar nombre de usuario con más de 20 caracteres",
                  "timedOut": false,
                  "duration": 0,
                  "state": "passed",
                  "speed": "fast",
                  "pass": true,
                  "fail": false,
                  "pending": false,
                  "context": null,
                  "code": "expect(validarNombreUsuario('JuanPérezLopezElUsuario')).to.equal('El nombre de usuario no debe exceder los 20 caracteres.');",
                  "err": {},
                  "uuid": "8c955061-0361-43a6-8a52-8fb240ee678d",
                  "parentUUID": "10539418-4701-4476-908c-c502307b8322",
                  "isHook": false,
                  "skipped": false
                },
                {
                  "title": "Debe rechazar nombre de usuario con caracteres no permitidos",
                  "fullTitle": "Api 3.- Usuarios Validación de Nombre de Usuario Debe rechazar nombre de usuario con caracteres no permitidos",
                  "timedOut": false,
                  "duration": 0,
                  "state": "passed",
                  "speed": "fast",
                  "pass": true,
                  "fail": false,
                  "pending": false,
                  "context": null,
                  "code": "expect(validarNombreUsuario('Juan!Pérez')).to.equal('El nombre de usuario solo puede contener letras, números y guiones bajos.');",
                  "err": {},
                  "uuid": "83d2c8ad-fefe-49f4-bf1d-7b72b10acfc1",
                  "parentUUID": "10539418-4701-4476-908c-c502307b8322",
                  "isHook": false,
                  "skipped": false
                },
                {
                  "title": "Debe aceptar nombre de usuario válido",
                  "fullTitle": "Api 3.- Usuarios Validación de Nombre de Usuario Debe aceptar nombre de usuario válido",
                  "timedOut": false,
                  "duration": 0,
                  "state": "passed",
                  "speed": "fast",
                  "pass": true,
                  "fail": false,
                  "pending": false,
                  "context": null,
                  "code": "expect(validarNombreUsuario('juan_perez')).to.equal('Válido');",
                  "err": {},
                  "uuid": "6a650d55-c03d-4e70-8cef-539004698c71",
                  "parentUUID": "10539418-4701-4476-908c-c502307b8322",
                  "isHook": false,
                  "skipped": false
                }
              ],
              "suites": [],
              "passes": [
                "c5a5d342-395b-4836-82e7-53a00fde8403",
                "27b07f79-c5a3-4be1-94f7-15ca6c25b206",
                "8c955061-0361-43a6-8a52-8fb240ee678d",
                "83d2c8ad-fefe-49f4-bf1d-7b72b10acfc1",
                "6a650d55-c03d-4e70-8cef-539004698c71"
              ],
              "failures": [],
              "pending": [],
              "skipped": [],
              "duration": 0,
              "root": false,
              "rootEmpty": false,
              "_timeout": 2000
            },
            {
              "uuid": "7dc1f248-80ea-4429-a4ac-019860f8c6f3",
              "title": "Validación de Contraseña",
              "fullFile": "C:\\Users\\GIOVANNI GARCIA R\\OneDrive\\Escritorio\\Validaciones Proyecto\\test\\api.test.js",
              "file": "\\test\\api.test.js",
              "beforeHooks": [],
              "afterHooks": [],
              "tests": [
                {
                  "title": "Debe rechazar contraseña vacía",
                  "fullTitle": "Api 3.- Usuarios Validación de Contraseña Debe rechazar contraseña vacía",
                  "timedOut": false,
                  "duration": 0,
                  "state": "passed",
                  "speed": "fast",
                  "pass": true,
                  "fail": false,
                  "pending": false,
                  "context": null,
                  "code": "expect(validarContrasenaUsuario('')).to.equal('Este campo es obligatorio.');",
                  "err": {},
                  "uuid": "0b6cdd7c-4d9f-4cf2-9f97-c1fbdcf2a4ee",
                  "parentUUID": "7dc1f248-80ea-4429-a4ac-019860f8c6f3",
                  "isHook": false,
                  "skipped": false
                },
                {
                  "title": "Debe rechazar contraseña con menos de 8 caracteres",
                  "fullTitle": "Api 3.- Usuarios Validación de Contraseña Debe rechazar contraseña con menos de 8 caracteres",
                  "timedOut": false,
                  "duration": 0,
                  "state": "passed",
                  "speed": "fast",
                  "pass": true,
                  "fail": false,
                  "pending": false,
                  "context": null,
                  "code": "expect(validarContrasenaUsuario('abc123')).to.equal('La contraseña debe tener al menos 8 caracteres.');",
                  "err": {},
                  "uuid": "1a44b67e-f6ca-4177-80a9-60d5f537f0bc",
                  "parentUUID": "7dc1f248-80ea-4429-a4ac-019860f8c6f3",
                  "isHook": false,
                  "skipped": false
                },
                {
                  "title": "Debe rechazar contraseña sin mayúsculas",
                  "fullTitle": "Api 3.- Usuarios Validación de Contraseña Debe rechazar contraseña sin mayúsculas",
                  "timedOut": false,
                  "duration": 0,
                  "state": "passed",
                  "speed": "fast",
                  "pass": true,
                  "fail": false,
                  "pending": false,
                  "context": null,
                  "code": "expect(validarContrasenaUsuario('abcdefgh')).to.equal('La contraseña debe contener al menos una letra mayúscula.');",
                  "err": {},
                  "uuid": "bf81bc3d-54a9-4c96-941d-73a7ffdfa7a3",
                  "parentUUID": "7dc1f248-80ea-4429-a4ac-019860f8c6f3",
                  "isHook": false,
                  "skipped": false
                },
                {
                  "title": "Debe rechazar contraseña sin minúsculas",
                  "fullTitle": "Api 3.- Usuarios Validación de Contraseña Debe rechazar contraseña sin minúsculas",
                  "timedOut": false,
                  "duration": 0,
                  "state": "passed",
                  "speed": "fast",
                  "pass": true,
                  "fail": false,
                  "pending": false,
                  "context": null,
                  "code": "expect(validarContrasenaUsuario('ABCDEFGH')).to.equal('La contraseña debe contener al menos una letra minúscula.');",
                  "err": {},
                  "uuid": "d89d9551-da78-4356-bcd4-57d6f55a9e75",
                  "parentUUID": "7dc1f248-80ea-4429-a4ac-019860f8c6f3",
                  "isHook": false,
                  "skipped": false
                },
                {
                  "title": "Debe rechazar contraseña sin números",
                  "fullTitle": "Api 3.- Usuarios Validación de Contraseña Debe rechazar contraseña sin números",
                  "timedOut": false,
                  "duration": 0,
                  "state": "passed",
                  "speed": "fast",
                  "pass": true,
                  "fail": false,
                  "pending": false,
                  "context": null,
                  "code": "expect(validarContrasenaUsuario('Abcdefgh')).to.equal('La contraseña debe contener al menos un número.');",
                  "err": {},
                  "uuid": "b6576d9b-6473-4015-a8b0-2d5c6d1271c3",
                  "parentUUID": "7dc1f248-80ea-4429-a4ac-019860f8c6f3",
                  "isHook": false,
                  "skipped": false
                },
                {
                  "title": "Debe rechazar contraseña sin caracteres especiales",
                  "fullTitle": "Api 3.- Usuarios Validación de Contraseña Debe rechazar contraseña sin caracteres especiales",
                  "timedOut": false,
                  "duration": 0,
                  "state": "passed",
                  "speed": "fast",
                  "pass": true,
                  "fail": false,
                  "pending": false,
                  "context": null,
                  "code": "expect(validarContrasenaUsuario('Abcd1234')).to.equal('La contraseña debe contener al menos un carácter especial.');",
                  "err": {},
                  "uuid": "19c38670-e7c4-4633-9c47-a10f54b27e1e",
                  "parentUUID": "7dc1f248-80ea-4429-a4ac-019860f8c6f3",
                  "isHook": false,
                  "skipped": false
                },
                {
                  "title": "Debe aceptar contraseña válida",
                  "fullTitle": "Api 3.- Usuarios Validación de Contraseña Debe aceptar contraseña válida",
                  "timedOut": false,
                  "duration": 0,
                  "state": "passed",
                  "speed": "fast",
                  "pass": true,
                  "fail": false,
                  "pending": false,
                  "context": null,
                  "code": "expect(validarContrasenaUsuario('Abcd1234!')).to.equal('Válido');",
                  "err": {},
                  "uuid": "5ce7173c-98f3-47a1-bc6e-293104534edd",
                  "parentUUID": "7dc1f248-80ea-4429-a4ac-019860f8c6f3",
                  "isHook": false,
                  "skipped": false
                }
              ],
              "suites": [],
              "passes": [
                "0b6cdd7c-4d9f-4cf2-9f97-c1fbdcf2a4ee",
                "1a44b67e-f6ca-4177-80a9-60d5f537f0bc",
                "bf81bc3d-54a9-4c96-941d-73a7ffdfa7a3",
                "d89d9551-da78-4356-bcd4-57d6f55a9e75",
                "b6576d9b-6473-4015-a8b0-2d5c6d1271c3",
                "19c38670-e7c4-4633-9c47-a10f54b27e1e",
                "5ce7173c-98f3-47a1-bc6e-293104534edd"
              ],
              "failures": [],
              "pending": [],
              "skipped": [],
              "duration": 0,
              "root": false,
              "rootEmpty": false,
              "_timeout": 2000
            }
          ],
          "passes": [],
          "failures": [],
          "pending": [],
          "skipped": [],
          "duration": 0,
          "root": false,
          "rootEmpty": false,
          "_timeout": 2000
        },
        {
          "uuid": "ec65e6ed-7ac5-42b4-bc5d-9471804f0502",
          "title": "Api 4.- Productos",
          "fullFile": "C:\\Users\\GIOVANNI GARCIA R\\OneDrive\\Escritorio\\Validaciones Proyecto\\test\\api.test.js",
          "file": "\\test\\api.test.js",
          "beforeHooks": [],
          "afterHooks": [],
          "tests": [],
          "suites": [
            {
              "uuid": "b3f94a85-c3ff-4775-88c7-6058866c1e77",
              "title": "Validación de Nombre de Producto",
              "fullFile": "C:\\Users\\GIOVANNI GARCIA R\\OneDrive\\Escritorio\\Validaciones Proyecto\\test\\api.test.js",
              "file": "\\test\\api.test.js",
              "beforeHooks": [],
              "afterHooks": [],
              "tests": [
                {
                  "title": "Debe rechazar nombre vacío",
                  "fullTitle": "Api 4.- Productos Validación de Nombre de Producto Debe rechazar nombre vacío",
                  "timedOut": false,
                  "duration": 0,
                  "state": "passed",
                  "speed": "fast",
                  "pass": true,
                  "fail": false,
                  "pending": false,
                  "context": null,
                  "code": "expect(validarNombreProducto('')).to.equal('Este campo es obligatorio.');",
                  "err": {},
                  "uuid": "3565dd56-c668-444c-bead-5adb55d6f5e3",
                  "parentUUID": "b3f94a85-c3ff-4775-88c7-6058866c1e77",
                  "isHook": false,
                  "skipped": false
                },
                {
                  "title": "Debe rechazar nombre con menos de 3 caracteres",
                  "fullTitle": "Api 4.- Productos Validación de Nombre de Producto Debe rechazar nombre con menos de 3 caracteres",
                  "timedOut": false,
                  "duration": 0,
                  "state": "passed",
                  "speed": "fast",
                  "pass": true,
                  "fail": false,
                  "pending": false,
                  "context": null,
                  "code": "expect(validarNombreProducto('A')).to.equal('El nombre del producto debe tener al menos 3 caracteres.');",
                  "err": {},
                  "uuid": "279d7202-e3fb-403e-b10c-dc0c509284db",
                  "parentUUID": "b3f94a85-c3ff-4775-88c7-6058866c1e77",
                  "isHook": false,
                  "skipped": false
                },
                {
                  "title": "Debe aceptar nombre válido",
                  "fullTitle": "Api 4.- Productos Validación de Nombre de Producto Debe aceptar nombre válido",
                  "timedOut": false,
                  "duration": 1,
                  "state": "passed",
                  "speed": "fast",
                  "pass": true,
                  "fail": false,
                  "pending": false,
                  "context": null,
                  "code": "expect(validarNombreProducto('Cuaderno')).to.equal('Válido');",
                  "err": {},
                  "uuid": "95132ad2-0a26-4b64-9725-5ef5a3c4687f",
                  "parentUUID": "b3f94a85-c3ff-4775-88c7-6058866c1e77",
                  "isHook": false,
                  "skipped": false
                }
              ],
              "suites": [],
              "passes": [
                "3565dd56-c668-444c-bead-5adb55d6f5e3",
                "279d7202-e3fb-403e-b10c-dc0c509284db",
                "95132ad2-0a26-4b64-9725-5ef5a3c4687f"
              ],
              "failures": [],
              "pending": [],
              "skipped": [],
              "duration": 1,
              "root": false,
              "rootEmpty": false,
              "_timeout": 2000
            },
            {
              "uuid": "faa60272-c878-4d22-ad97-41ddb2fc2fc1",
              "title": "Validación de Código de Producto",
              "fullFile": "C:\\Users\\GIOVANNI GARCIA R\\OneDrive\\Escritorio\\Validaciones Proyecto\\test\\api.test.js",
              "file": "\\test\\api.test.js",
              "beforeHooks": [],
              "afterHooks": [],
              "tests": [
                {
                  "title": "Debe rechazar código vacío",
                  "fullTitle": "Api 4.- Productos Validación de Código de Producto Debe rechazar código vacío",
                  "timedOut": false,
                  "duration": 0,
                  "state": "passed",
                  "speed": "fast",
                  "pass": true,
                  "fail": false,
                  "pending": false,
                  "context": null,
                  "code": "expect(validarCodigoProducto('')).to.equal('Este campo es obligatorio.');",
                  "err": {},
                  "uuid": "582cd6de-260f-417a-8765-1d8d607fe6c9",
                  "parentUUID": "faa60272-c878-4d22-ad97-41ddb2fc2fc1",
                  "isHook": false,
                  "skipped": false
                },
                {
                  "title": "Debe rechazar código con caracteres no permitidos",
                  "fullTitle": "Api 4.- Productos Validación de Código de Producto Debe rechazar código con caracteres no permitidos",
                  "timedOut": false,
                  "duration": 1,
                  "state": "passed",
                  "speed": "fast",
                  "pass": true,
                  "fail": false,
                  "pending": false,
                  "context": null,
                  "code": "expect(validarCodigoProducto('ABC$123')).to.equal('El código del producto solo debe contener letras y números.');",
                  "err": {},
                  "uuid": "bafbc541-4801-4fff-8bd1-0b4b02033378",
                  "parentUUID": "faa60272-c878-4d22-ad97-41ddb2fc2fc1",
                  "isHook": false,
                  "skipped": false
                },
                {
                  "title": "Debe rechazar código con longitud incorrecta",
                  "fullTitle": "Api 4.- Productos Validación de Código de Producto Debe rechazar código con longitud incorrecta",
                  "timedOut": false,
                  "duration": 0,
                  "state": "passed",
                  "speed": "fast",
                  "pass": true,
                  "fail": false,
                  "pending": false,
                  "context": null,
                  "code": "expect(validarCodigoProducto('ABC12')).to.equal('El código del producto debe tener entre 6 y 12 caracteres.');",
                  "err": {},
                  "uuid": "70291838-147a-46fe-942c-022976ec7435",
                  "parentUUID": "faa60272-c878-4d22-ad97-41ddb2fc2fc1",
                  "isHook": false,
                  "skipped": false
                },
                {
                  "title": "Debe aceptar código válido",
                  "fullTitle": "Api 4.- Productos Validación de Código de Producto Debe aceptar código válido",
                  "timedOut": false,
                  "duration": 0,
                  "state": "passed",
                  "speed": "fast",
                  "pass": true,
                  "fail": false,
                  "pending": false,
                  "context": null,
                  "code": "expect(validarCodigoProducto('ABC123')).to.equal('Válido');",
                  "err": {},
                  "uuid": "80e37a40-5fe1-4a93-912a-c863a8e1c6c7",
                  "parentUUID": "faa60272-c878-4d22-ad97-41ddb2fc2fc1",
                  "isHook": false,
                  "skipped": false
                }
              ],
              "suites": [],
              "passes": [
                "582cd6de-260f-417a-8765-1d8d607fe6c9",
                "bafbc541-4801-4fff-8bd1-0b4b02033378",
                "70291838-147a-46fe-942c-022976ec7435",
                "80e37a40-5fe1-4a93-912a-c863a8e1c6c7"
              ],
              "failures": [],
              "pending": [],
              "skipped": [],
              "duration": 1,
              "root": false,
              "rootEmpty": false,
              "_timeout": 2000
            },
            {
              "uuid": "be7186d6-3dfb-4d54-96d3-17c3eecefc24",
              "title": "Validación de Descripción de Producto",
              "fullFile": "C:\\Users\\GIOVANNI GARCIA R\\OneDrive\\Escritorio\\Validaciones Proyecto\\test\\api.test.js",
              "file": "\\test\\api.test.js",
              "beforeHooks": [],
              "afterHooks": [],
              "tests": [
                {
                  "title": "Debe aceptar descripción vacía",
                  "fullTitle": "Api 4.- Productos Validación de Descripción de Producto Debe aceptar descripción vacía",
                  "timedOut": false,
                  "duration": 0,
                  "state": "passed",
                  "speed": "fast",
                  "pass": true,
                  "fail": false,
                  "pending": false,
                  "context": null,
                  "code": "expect(validarDescripcionProducto('')).to.equal('Válido');",
                  "err": {},
                  "uuid": "570ca6e6-5861-4305-ad38-d0de05d80094",
                  "parentUUID": "be7186d6-3dfb-4d54-96d3-17c3eecefc24",
                  "isHook": false,
                  "skipped": false
                },
                {
                  "title": "Debe rechazar descripción con más de 200 caracteres",
                  "fullTitle": "Api 4.- Productos Validación de Descripción de Producto Debe rechazar descripción con más de 200 caracteres",
                  "timedOut": false,
                  "duration": 0,
                  "state": "passed",
                  "speed": "fast",
                  "pass": true,
                  "fail": false,
                  "pending": false,
                  "context": null,
                  "code": "expect(validarDescripcionProducto('A'.repeat(201))).to.equal('La descripción no debe exceder los 200 caracteres.');",
                  "err": {},
                  "uuid": "0c7c6733-822e-491e-bc1c-e9e6a81c5f40",
                  "parentUUID": "be7186d6-3dfb-4d54-96d3-17c3eecefc24",
                  "isHook": false,
                  "skipped": false
                },
                {
                  "title": "Debe aceptar descripción válida",
                  "fullTitle": "Api 4.- Productos Validación de Descripción de Producto Debe aceptar descripción válida",
                  "timedOut": false,
                  "duration": 0,
                  "state": "passed",
                  "speed": "fast",
                  "pass": true,
                  "fail": false,
                  "pending": false,
                  "context": null,
                  "code": "expect(validarDescripcionProducto('Cuaderno de notas, color azul, tamaño A4.')).to.equal('Válido');",
                  "err": {},
                  "uuid": "e54301cf-c9a2-402f-a3c1-e7ccac37b14b",
                  "parentUUID": "be7186d6-3dfb-4d54-96d3-17c3eecefc24",
                  "isHook": false,
                  "skipped": false
                }
              ],
              "suites": [],
              "passes": [
                "570ca6e6-5861-4305-ad38-d0de05d80094",
                "0c7c6733-822e-491e-bc1c-e9e6a81c5f40",
                "e54301cf-c9a2-402f-a3c1-e7ccac37b14b"
              ],
              "failures": [],
              "pending": [],
              "skipped": [],
              "duration": 0,
              "root": false,
              "rootEmpty": false,
              "_timeout": 2000
            },
            {
              "uuid": "378f0452-fe7c-431e-93a1-60ca4a29cfab",
              "title": "Validación de Precio de Producto",
              "fullFile": "C:\\Users\\GIOVANNI GARCIA R\\OneDrive\\Escritorio\\Validaciones Proyecto\\test\\api.test.js",
              "file": "\\test\\api.test.js",
              "beforeHooks": [],
              "afterHooks": [],
              "tests": [
                {
                  "title": "Debe rechazar precio no numérico",
                  "fullTitle": "Api 4.- Productos Validación de Precio de Producto Debe rechazar precio no numérico",
                  "timedOut": false,
                  "duration": 1,
                  "state": "passed",
                  "speed": "fast",
                  "pass": true,
                  "fail": false,
                  "pending": false,
                  "context": null,
                  "code": "expect(validarPrecioProducto('abc')).to.equal('El precio debe ser un número positivo.');",
                  "err": {},
                  "uuid": "059a1a80-69f1-445a-9d10-1e007a6ac535",
                  "parentUUID": "378f0452-fe7c-431e-93a1-60ca4a29cfab",
                  "isHook": false,
                  "skipped": false
                },
                {
                  "title": "Debe rechazar precio negativo",
                  "fullTitle": "Api 4.- Productos Validación de Precio de Producto Debe rechazar precio negativo",
                  "timedOut": false,
                  "duration": 0,
                  "state": "passed",
                  "speed": "fast",
                  "pass": true,
                  "fail": false,
                  "pending": false,
                  "context": null,
                  "code": "expect(validarPrecioProducto(-10)).to.equal('El precio debe ser un número positivo.');",
                  "err": {},
                  "uuid": "f034c519-5949-4dd6-b0e3-a389ac208cb7",
                  "parentUUID": "378f0452-fe7c-431e-93a1-60ca4a29cfab",
                  "isHook": false,
                  "skipped": false
                },
                {
                  "title": "Debe rechazar precio con más de dos decimales",
                  "fullTitle": "Api 4.- Productos Validación de Precio de Producto Debe rechazar precio con más de dos decimales",
                  "timedOut": false,
                  "duration": 0,
                  "state": "passed",
                  "speed": "fast",
                  "pass": true,
                  "fail": false,
                  "pending": false,
                  "context": null,
                  "code": "expect(validarPrecioProducto(10.123)).to.equal('El precio debe tener hasta dos decimales.');",
                  "err": {},
                  "uuid": "86fbd2ff-9893-4b5c-88ec-3909a51e822d",
                  "parentUUID": "378f0452-fe7c-431e-93a1-60ca4a29cfab",
                  "isHook": false,
                  "skipped": false
                },
                {
                  "title": "Debe aceptar precio válido",
                  "fullTitle": "Api 4.- Productos Validación de Precio de Producto Debe aceptar precio válido",
                  "timedOut": false,
                  "duration": 0,
                  "state": "passed",
                  "speed": "fast",
                  "pass": true,
                  "fail": false,
                  "pending": false,
                  "context": null,
                  "code": "expect(validarPrecioProducto(10.99)).to.equal('Válido');",
                  "err": {},
                  "uuid": "1fb6c6f1-fb13-4f33-a207-f992f10c2f68",
                  "parentUUID": "378f0452-fe7c-431e-93a1-60ca4a29cfab",
                  "isHook": false,
                  "skipped": false
                }
              ],
              "suites": [],
              "passes": [
                "059a1a80-69f1-445a-9d10-1e007a6ac535",
                "f034c519-5949-4dd6-b0e3-a389ac208cb7",
                "86fbd2ff-9893-4b5c-88ec-3909a51e822d",
                "1fb6c6f1-fb13-4f33-a207-f992f10c2f68"
              ],
              "failures": [],
              "pending": [],
              "skipped": [],
              "duration": 1,
              "root": false,
              "rootEmpty": false,
              "_timeout": 2000
            }
          ],
          "passes": [],
          "failures": [],
          "pending": [],
          "skipped": [],
          "duration": 0,
          "root": false,
          "rootEmpty": false,
          "_timeout": 2000
        },
        {
          "uuid": "b5559083-0bdf-4d03-b9dc-3bf4176a3a66",
          "title": "Api 5.- Ventas",
          "fullFile": "C:\\Users\\GIOVANNI GARCIA R\\OneDrive\\Escritorio\\Validaciones Proyecto\\test\\api.test.js",
          "file": "\\test\\api.test.js",
          "beforeHooks": [],
          "afterHooks": [],
          "tests": [],
          "suites": [
            {
              "uuid": "f57ae026-b7f9-4f02-bab4-d4f66c082c5b",
              "title": "Validación de Número de Venta",
              "fullFile": "C:\\Users\\GIOVANNI GARCIA R\\OneDrive\\Escritorio\\Validaciones Proyecto\\test\\api.test.js",
              "file": "\\test\\api.test.js",
              "beforeHooks": [],
              "afterHooks": [],
              "tests": [
                {
                  "title": "Debe rechazar número de venta vacío",
                  "fullTitle": "Api 5.- Ventas Validación de Número de Venta Debe rechazar número de venta vacío",
                  "timedOut": false,
                  "duration": 0,
                  "state": "passed",
                  "speed": "fast",
                  "pass": true,
                  "fail": false,
                  "pending": false,
                  "context": null,
                  "code": "expect(validarNumeroVenta('')).to.equal('Este campo es obligatorio.');",
                  "err": {},
                  "uuid": "c353f3a1-7321-41e1-bea9-3e83c95044cf",
                  "parentUUID": "f57ae026-b7f9-4f02-bab4-d4f66c082c5b",
                  "isHook": false,
                  "skipped": false
                },
                {
                  "title": "Debe rechazar número de venta con caracteres no permitidos",
                  "fullTitle": "Api 5.- Ventas Validación de Número de Venta Debe rechazar número de venta con caracteres no permitidos",
                  "timedOut": false,
                  "duration": 0,
                  "state": "passed",
                  "speed": "fast",
                  "pass": true,
                  "fail": false,
                  "pending": false,
                  "context": null,
                  "code": "expect(validarNumeroVenta('ABC$123')).to.equal('El número de venta solo debe contener letras y números.');",
                  "err": {},
                  "uuid": "c18c37ac-c409-4bda-933e-99b5b928b917",
                  "parentUUID": "f57ae026-b7f9-4f02-bab4-d4f66c082c5b",
                  "isHook": false,
                  "skipped": false
                },
                {
                  "title": "Debe rechazar número de venta con longitud incorrecta",
                  "fullTitle": "Api 5.- Ventas Validación de Número de Venta Debe rechazar número de venta con longitud incorrecta",
                  "timedOut": false,
                  "duration": 0,
                  "state": "passed",
                  "speed": "fast",
                  "pass": true,
                  "fail": false,
                  "pending": false,
                  "context": null,
                  "code": "expect(validarNumeroVenta('AB12')).to.equal('El número de venta debe tener entre 6 y 12 caracteres.');",
                  "err": {},
                  "uuid": "6102ef5a-59aa-482c-a10a-8450dea5f701",
                  "parentUUID": "f57ae026-b7f9-4f02-bab4-d4f66c082c5b",
                  "isHook": false,
                  "skipped": false
                },
                {
                  "title": "Debe aceptar número de venta válido",
                  "fullTitle": "Api 5.- Ventas Validación de Número de Venta Debe aceptar número de venta válido",
                  "timedOut": false,
                  "duration": 0,
                  "state": "passed",
                  "speed": "fast",
                  "pass": true,
                  "fail": false,
                  "pending": false,
                  "context": null,
                  "code": "expect(validarNumeroVenta('VNT123')).to.equal('Válido');",
                  "err": {},
                  "uuid": "c6bf3060-0f98-4da5-adf4-3192eb48d220",
                  "parentUUID": "f57ae026-b7f9-4f02-bab4-d4f66c082c5b",
                  "isHook": false,
                  "skipped": false
                }
              ],
              "suites": [],
              "passes": [
                "c353f3a1-7321-41e1-bea9-3e83c95044cf",
                "c18c37ac-c409-4bda-933e-99b5b928b917",
                "6102ef5a-59aa-482c-a10a-8450dea5f701",
                "c6bf3060-0f98-4da5-adf4-3192eb48d220"
              ],
              "failures": [],
              "pending": [],
              "skipped": [],
              "duration": 0,
              "root": false,
              "rootEmpty": false,
              "_timeout": 2000
            },
            {
              "uuid": "4fd9308a-1d1e-4cf0-b051-c2a3aabf8052",
              "title": "Validación de Tipo de Venta",
              "fullFile": "C:\\Users\\GIOVANNI GARCIA R\\OneDrive\\Escritorio\\Validaciones Proyecto\\test\\api.test.js",
              "file": "\\test\\api.test.js",
              "beforeHooks": [],
              "afterHooks": [],
              "tests": [
                {
                  "title": "Debe rechazar tipo de venta vacío",
                  "fullTitle": "Api 5.- Ventas Validación de Tipo de Venta Debe rechazar tipo de venta vacío",
                  "timedOut": false,
                  "duration": 0,
                  "state": "passed",
                  "speed": "fast",
                  "pass": true,
                  "fail": false,
                  "pending": false,
                  "context": null,
                  "code": "expect(validarTipoVenta('')).to.equal('Este campo es obligatorio.');",
                  "err": {},
                  "uuid": "cf851416-67a9-48cd-8e4a-e180458a4a4e",
                  "parentUUID": "4fd9308a-1d1e-4cf0-b051-c2a3aabf8052",
                  "isHook": false,
                  "skipped": false
                },
                {
                  "title": "Debe rechazar tipo de venta con valor no permitido",
                  "fullTitle": "Api 5.- Ventas Validación de Tipo de Venta Debe rechazar tipo de venta con valor no permitido",
                  "timedOut": false,
                  "duration": 0,
                  "state": "passed",
                  "speed": "fast",
                  "pass": true,
                  "fail": false,
                  "pending": false,
                  "context": null,
                  "code": "expect(validarTipoVenta('Online')).to.equal('El tipo de venta debe ser \"Papelería\" o \"Ciber\".');",
                  "err": {},
                  "uuid": "5a50a902-0273-490b-9ac5-4c28d78a4abc",
                  "parentUUID": "4fd9308a-1d1e-4cf0-b051-c2a3aabf8052",
                  "isHook": false,
                  "skipped": false
                },
                {
                  "title": "Debe aceptar tipo de venta válido (Papelería)",
                  "fullTitle": "Api 5.- Ventas Validación de Tipo de Venta Debe aceptar tipo de venta válido (Papelería)",
                  "timedOut": false,
                  "duration": 0,
                  "state": "passed",
                  "speed": "fast",
                  "pass": true,
                  "fail": false,
                  "pending": false,
                  "context": null,
                  "code": "expect(validarTipoVenta('Papelería')).to.equal('Válido');",
                  "err": {},
                  "uuid": "f071929e-4d26-4c9f-89cf-85dcec02b43c",
                  "parentUUID": "4fd9308a-1d1e-4cf0-b051-c2a3aabf8052",
                  "isHook": false,
                  "skipped": false
                },
                {
                  "title": "Debe aceptar tipo de venta válido (Ciber)",
                  "fullTitle": "Api 5.- Ventas Validación de Tipo de Venta Debe aceptar tipo de venta válido (Ciber)",
                  "timedOut": false,
                  "duration": 0,
                  "state": "passed",
                  "speed": "fast",
                  "pass": true,
                  "fail": false,
                  "pending": false,
                  "context": null,
                  "code": "expect(validarTipoVenta('Ciber')).to.equal('Válido');",
                  "err": {},
                  "uuid": "9d9c3ca0-9985-4c57-bda8-8d320e298cc4",
                  "parentUUID": "4fd9308a-1d1e-4cf0-b051-c2a3aabf8052",
                  "isHook": false,
                  "skipped": false
                }
              ],
              "suites": [],
              "passes": [
                "cf851416-67a9-48cd-8e4a-e180458a4a4e",
                "5a50a902-0273-490b-9ac5-4c28d78a4abc",
                "f071929e-4d26-4c9f-89cf-85dcec02b43c",
                "9d9c3ca0-9985-4c57-bda8-8d320e298cc4"
              ],
              "failures": [],
              "pending": [],
              "skipped": [],
              "duration": 0,
              "root": false,
              "rootEmpty": false,
              "_timeout": 2000
            }
          ],
          "passes": [],
          "failures": [],
          "pending": [],
          "skipped": [],
          "duration": 0,
          "root": false,
          "rootEmpty": false,
          "_timeout": 2000
        },
        {
          "uuid": "e660eef8-25c5-44a6-82ac-1aea71a74fd7",
          "title": "Api 6.- Proveedores",
          "fullFile": "C:\\Users\\GIOVANNI GARCIA R\\OneDrive\\Escritorio\\Validaciones Proyecto\\test\\api.test.js",
          "file": "\\test\\api.test.js",
          "beforeHooks": [],
          "afterHooks": [],
          "tests": [],
          "suites": [
            {
              "uuid": "5116f362-8390-412b-a7ac-078166d64b23",
              "title": "Validación de Nombre del Proveedor",
              "fullFile": "C:\\Users\\GIOVANNI GARCIA R\\OneDrive\\Escritorio\\Validaciones Proyecto\\test\\api.test.js",
              "file": "\\test\\api.test.js",
              "beforeHooks": [],
              "afterHooks": [],
              "tests": [
                {
                  "title": "Debe rechazar nombre de proveedor vacío",
                  "fullTitle": "Api 6.- Proveedores Validación de Nombre del Proveedor Debe rechazar nombre de proveedor vacío",
                  "timedOut": false,
                  "duration": 0,
                  "state": "passed",
                  "speed": "fast",
                  "pass": true,
                  "fail": false,
                  "pending": false,
                  "context": null,
                  "code": "expect(validarNombreProveedor('')).to.equal('Este campo es obligatorio.');",
                  "err": {},
                  "uuid": "84990924-6a9a-47b6-9220-63cbe8d6c952",
                  "parentUUID": "5116f362-8390-412b-a7ac-078166d64b23",
                  "isHook": false,
                  "skipped": false
                },
                {
                  "title": "Debe rechazar nombre de proveedor corto",
                  "fullTitle": "Api 6.- Proveedores Validación de Nombre del Proveedor Debe rechazar nombre de proveedor corto",
                  "timedOut": false,
                  "duration": 0,
                  "state": "passed",
                  "speed": "fast",
                  "pass": true,
                  "fail": false,
                  "pending": false,
                  "context": null,
                  "code": "expect(validarNombreProveedor('Jo')).to.equal('El nombre del proveedor debe tener al menos 3 caracteres.');",
                  "err": {},
                  "uuid": "ade18b91-1f35-4fcb-a6b7-066aebf0d463",
                  "parentUUID": "5116f362-8390-412b-a7ac-078166d64b23",
                  "isHook": false,
                  "skipped": false
                },
                {
                  "title": "Debe aceptar nombre de proveedor válido",
                  "fullTitle": "Api 6.- Proveedores Validación de Nombre del Proveedor Debe aceptar nombre de proveedor válido",
                  "timedOut": false,
                  "duration": 1,
                  "state": "passed",
                  "speed": "fast",
                  "pass": true,
                  "fail": false,
                  "pending": false,
                  "context": null,
                  "code": "expect(validarNombreProveedor('Proveedor ABC')).to.equal('Válido');",
                  "err": {},
                  "uuid": "56347d8c-b2e6-45d4-b47c-cb735e3df76e",
                  "parentUUID": "5116f362-8390-412b-a7ac-078166d64b23",
                  "isHook": false,
                  "skipped": false
                }
              ],
              "suites": [],
              "passes": [
                "84990924-6a9a-47b6-9220-63cbe8d6c952",
                "ade18b91-1f35-4fcb-a6b7-066aebf0d463",
                "56347d8c-b2e6-45d4-b47c-cb735e3df76e"
              ],
              "failures": [],
              "pending": [],
              "skipped": [],
              "duration": 1,
              "root": false,
              "rootEmpty": false,
              "_timeout": 2000
            },
            {
              "uuid": "304d3fe9-5b9b-4beb-86d3-2d489dc8ebd2",
              "title": "Validación de Teléfono del Proveedor",
              "fullFile": "C:\\Users\\GIOVANNI GARCIA R\\OneDrive\\Escritorio\\Validaciones Proyecto\\test\\api.test.js",
              "file": "\\test\\api.test.js",
              "beforeHooks": [],
              "afterHooks": [],
              "tests": [
                {
                  "title": "Debe rechazar teléfono vacío",
                  "fullTitle": "Api 6.- Proveedores Validación de Teléfono del Proveedor Debe rechazar teléfono vacío",
                  "timedOut": false,
                  "duration": 0,
                  "state": "passed",
                  "speed": "fast",
                  "pass": true,
                  "fail": false,
                  "pending": false,
                  "context": null,
                  "code": "expect(validarTelefonoProveedor('')).to.equal('Este campo es obligatorio.');",
                  "err": {},
                  "uuid": "f33aa17d-d95b-453a-9d00-8ce0b91177ed",
                  "parentUUID": "304d3fe9-5b9b-4beb-86d3-2d489dc8ebd2",
                  "isHook": false,
                  "skipped": false
                },
                {
                  "title": "Debe rechazar teléfono con formato incorrecto",
                  "fullTitle": "Api 6.- Proveedores Validación de Teléfono del Proveedor Debe rechazar teléfono con formato incorrecto",
                  "timedOut": false,
                  "duration": 0,
                  "state": "passed",
                  "speed": "fast",
                  "pass": true,
                  "fail": false,
                  "pending": false,
                  "context": null,
                  "code": "expect(validarTelefonoProveedor('123-456-789')).to.equal('El número telefónico debe tener el formato XXX-XXX-XXXX.');",
                  "err": {},
                  "uuid": "6a56b93b-9b9d-4961-8102-09eac001307f",
                  "parentUUID": "304d3fe9-5b9b-4beb-86d3-2d489dc8ebd2",
                  "isHook": false,
                  "skipped": false
                },
                {
                  "title": "Debe aceptar teléfono válido",
                  "fullTitle": "Api 6.- Proveedores Validación de Teléfono del Proveedor Debe aceptar teléfono válido",
                  "timedOut": false,
                  "duration": 0,
                  "state": "passed",
                  "speed": "fast",
                  "pass": true,
                  "fail": false,
                  "pending": false,
                  "context": null,
                  "code": "expect(validarTelefonoProveedor('123-456-7890')).to.equal('Válido');",
                  "err": {},
                  "uuid": "4d14269e-e6de-4818-96d3-948b489e5827",
                  "parentUUID": "304d3fe9-5b9b-4beb-86d3-2d489dc8ebd2",
                  "isHook": false,
                  "skipped": false
                }
[...]
                      "speed": "fast",
                      "pass": true,
                      "fail": false,
                      "pending": false,
                      "context": null,
                      "code": "expect(validarNombreApellido('García   Pérez', 'apellidoPaterno')).to.equal('El apellidoPaterno no puede contener múltiples espacios seguidos.');",
                      "err": {},
                      "uuid": "22236e51-d565-4b67-b95a-7a5ffb303d51",
                      "parentUUID": "de0e1001-07a6-4b7c-a980-304e509f783a",
                      "isHook": false,
                      "skipped": false
                    },
                    {
                      "title": "Debe rechazar si el apellido materno contiene múltiples espacios seguidos",
                      "fullTitle": "Api 9.- Registro en la App Validaciones del formulario de Registro Validación de Nombre, Apellido Paterno y Apellido Materno Debe rechazar si el apellido materno contiene múltiples espacios seguidos",
                      "timedOut": false,
                      "duration": 0,
                      "state": "passed",
                      "speed": "fast",
                      "pass": true,
                      "fail": false,
                      "pending": false,
                      "context": null,
                      "code": "expect(validarNombreApellido('López    García', 'apellidoMaterno')).to.equal('El apellidoMaterno no puede contener múltiples espacios seguidos.');",
                      "err": {},
                      "uuid": "aeec6f01-1bef-4844-8adc-e2e5e9451d02",
                      "parentUUID": "de0e1001-07a6-4b7c-a980-304e509f783a",
                      "isHook": false,
                      "skipped": false
                    },
                    {
                      "title": "Debe aceptar un nombre válido",
                      "fullTitle": "Api 9.- Registro en la App Validaciones del formulario de Registro Validación de Nombre, Apellido Paterno y Apellido Materno Debe aceptar un nombre válido",
                      "timedOut": false,
                      "duration": 0,
                      "state": "passed",
                      "speed": "fast",
                      "pass": true,
                      "fail": false,
                      "pending": false,
                      "context": null,
                      "code": "expect(validarNombreApellido('Juan', 'nombre')).to.equal('Válido');",
                      "err": {},
                      "uuid": "85b50d88-1814-4487-a701-69f37e733143",
                      "parentUUID": "de0e1001-07a6-4b7c-a980-304e509f783a",
                      "isHook": false,
                      "skipped": false
                    },
                    {
                      "title": "Debe aceptar un apellido paterno válido",
                      "fullTitle": "Api 9.- Registro en la App Validaciones del formulario de Registro Validación de Nombre, Apellido Paterno y Apellido Materno Debe aceptar un apellido paterno válido",
                      "timedOut": false,
                      "duration": 0,
                      "state": "passed",
                      "speed": "fast",
                      "pass": true,
                      "fail": false,
                      "pending": false,
                      "context": null,
                      "code": "expect(validarNombreApellido('García', 'apellidoPaterno')).to.equal('Válido');",
                      "err": {},
                      "uuid": "f1581941-fb6a-4589-af82-6aaf7f1ecb59",
                      "parentUUID": "de0e1001-07a6-4b7c-a980-304e509f783a",
                      "isHook": false,
                      "skipped": false
                    },
                    {
                      "title": "Debe aceptar un apellido materno válido",
                      "fullTitle": "Api 9.- Registro en la App Validaciones del formulario de Registro Validación de Nombre, Apellido Paterno y Apellido Materno Debe aceptar un apellido materno válido",
                      "timedOut": false,
                      "duration": 0,
                      "state": "passed",
                      "speed": "fast",
                      "pass": true,
                      "fail": false,
                      "pending": false,
                      "context": null,
                      "code": "expect(validarNombreApellido('Pérez', 'apellidoMaterno')).to.equal('Válido');",
                      "err": {},
                      "uuid": "542c87e1-f778-4e38-8b97-0399be45e0f0",
                      "parentUUID": "de0e1001-07a6-4b7c-a980-304e509f783a",
                      "isHook": false,
                      "skipped": false
                    }
                  ],
                  "suites": [],
                  "passes": [
                    "ed6d2df7-637d-44c2-8c08-5d64ce50c41c",
                    "9db18b5d-5975-451d-8505-dfdd0ec3514c",
                    "f94748a8-34ae-46f8-ba1d-98becdf3fd59",
                    "bbf46fbb-7675-42eb-8aca-86b42e770249",
                    "62b67323-a35c-4808-b5d7-251da406b2a4",
                    "4201b8cb-583e-4074-af24-243bfd12788d",
                    "2d81d1d0-b90b-454b-ac2e-c2cb215a96f1",
                    "e39bcbfc-f083-47f5-9d86-66d19d9a2b01",
                    "9860b66f-8a81-4cbf-a830-de872cfca2f0",
                    "694aec3e-02c7-4385-826a-61bc070d8e2c",
                    "22236e51-d565-4b67-b95a-7a5ffb303d51",
                    "aeec6f01-1bef-4844-8adc-e2e5e9451d02",
                    "85b50d88-1814-4487-a701-69f37e733143",
                    "f1581941-fb6a-4589-af82-6aaf7f1ecb59",
                    "542c87e1-f778-4e38-8b97-0399be45e0f0"
                  ],
                  "failures": [],
                  "pending": [],
                  "skipped": [],
                  "duration": 0,
                  "root": false,
                  "rootEmpty": false,
                  "_timeout": 2000
                }
              ],
              "passes": [],
              "failures": [],
              "pending": [],
              "skipped": [],
              "duration": 0,
              "root": false,
              "rootEmpty": false,
              "_timeout": 2000
            }
          ],
          "passes": [],
          "failures": [],
          "pending": [],
          "skipped": [],
          "duration": 0,
          "root": false,
          "rootEmpty": false,
          "_timeout": 2000
        },
        {
          "uuid": "47eebe13-5502-4fc9-aeef-ff1a5d583538",
          "title": "Api 10.- Pago con Stripe en la App",
          "fullFile": "C:\\Users\\GIOVANNI GARCIA R\\OneDrive\\Escritorio\\Validaciones Proyecto\\test\\api.test.js",
          "file": "\\test\\api.test.js",
          "beforeHooks": [],
          "afterHooks": [],
          "tests": [],
          "suites": [
            {
              "uuid": "730aed92-3690-4162-a0e1-d3bb4818608c",
              "title": "Validación del Número de Tarjeta",
              "fullFile": "C:\\Users\\GIOVANNI GARCIA R\\OneDrive\\Escritorio\\Validaciones Proyecto\\test\\api.test.js",
              "file": "\\test\\api.test.js",
              "beforeHooks": [],
              "afterHooks": [],
              "tests": [
                {
                  "title": "Debe rechazar un número de tarjeta no válido",
                  "fullTitle": "Api 10.- Pago con Stripe en la App Validación del Número de Tarjeta Debe rechazar un número de tarjeta no válido",
                  "timedOut": false,
                  "duration": 0,
                  "state": "passed",
                  "speed": "fast",
                  "pass": true,
                  "fail": false,
                  "pending": false,
                  "context": null,
                  "code": "expect(validarNumeroTarjeta('123456789012345')).to.equal('Número de tarjeta no válido.');",
                  "err": {},
                  "uuid": "4de8fa76-2b0d-4fad-849c-1e7fb57ca8dc",
                  "parentUUID": "730aed92-3690-4162-a0e1-d3bb4818608c",
                  "isHook": false,
                  "skipped": false
                },
                {
                  "title": "Debe aceptar un número de tarjeta válido",
                  "fullTitle": "Api 10.- Pago con Stripe en la App Validación del Número de Tarjeta Debe aceptar un número de tarjeta válido",
                  "timedOut": false,
                  "duration": 0,
                  "state": "passed",
                  "speed": "fast",
                  "pass": true,
                  "fail": false,
                  "pending": false,
                  "context": null,
                  "code": "expect(validarNumeroTarjeta('4242424242424242')).to.equal('Válido');",
                  "err": {},
                  "uuid": "4e094969-0cb8-4438-ba25-a00c1eded23f",
                  "parentUUID": "730aed92-3690-4162-a0e1-d3bb4818608c",
                  "isHook": false,
                  "skipped": false
                }
              ],
              "suites": [],
              "passes": [
                "4de8fa76-2b0d-4fad-849c-1e7fb57ca8dc",
                "4e094969-0cb8-4438-ba25-a00c1eded23f"
              ],
              "failures": [],
              "pending": [],
              "skipped": [],
              "duration": 0,
              "root": false,
              "rootEmpty": false,
              "_timeout": 2000
            },
            {
              "uuid": "1e978d92-d240-48c1-8d8a-a96fd3ad8692",
              "title": "Validación de la Fecha de Vencimiento",
              "fullFile": "C:\\Users\\GIOVANNI GARCIA R\\OneDrive\\Escritorio\\Validaciones Proyecto\\test\\api.test.js",
              "file": "\\test\\api.test.js",
              "beforeHooks": [],
              "afterHooks": [],
              "tests": [
                {
                  "title": "Debe rechazar una fecha de vencimiento no válida",
                  "fullTitle": "Api 10.- Pago con Stripe en la App Validación de la Fecha de Vencimiento Debe rechazar una fecha de vencimiento no válida",
                  "timedOut": false,
                  "duration": 0,
                  "state": "passed",
                  "speed": "fast",
                  "pass": true,
                  "fail": false,
                  "pending": false,
                  "context": null,
                  "code": "expect(validarFechaVencimiento('13/25')).to.equal('La tarjeta ya ha vencido, no es válida.');",
                  "err": {},
                  "uuid": "6dad2feb-1244-42ab-b406-91a52c373c0c",
                  "parentUUID": "1e978d92-d240-48c1-8d8a-a96fd3ad8692",
                  "isHook": false,
                  "skipped": false
                }
              ],
              "suites": [],
              "passes": [
                "6dad2feb-1244-42ab-b406-91a52c373c0c"
              ],
              "failures": [],
              "pending": [],
              "skipped": [],
              "duration": 0,
              "root": false,
              "rootEmpty": false,
              "_timeout": 2000
            },
            {
              "uuid": "914cd38c-35c5-4319-bf87-e1dc892d46dc",
              "title": "Validación del Código CVC",
              "fullFile": "C:\\Users\\GIOVANNI GARCIA R\\OneDrive\\Escritorio\\Validaciones Proyecto\\test\\api.test.js",
              "file": "\\test\\api.test.js",
              "beforeHooks": [],
              "afterHooks": [],
              "tests": [
                {
                  "title": "Debe rechazar un código CVC con menos de 3 dígitos",
                  "fullTitle": "Api 10.- Pago con Stripe en la App Validación del Código CVC Debe rechazar un código CVC con menos de 3 dígitos",
                  "timedOut": false,
                  "duration": 0,
                  "state": "passed",
                  "speed": "fast",
                  "pass": true,
                  "fail": false,
                  "pending": false,
                  "context": null,
                  "code": "expect(validarCVC('12')).to.equal('El código CVC debe tener 3 o 4 dígitos.');",
                  "err": {},
                  "uuid": "69c4a625-50d8-421b-b9e3-e891aa0a7cea",
                  "parentUUID": "914cd38c-35c5-4319-bf87-e1dc892d46dc",
                  "isHook": false,
                  "skipped": false
                },
                {
                  "title": "Debe aceptar un código CVC con 3 dígitos",
                  "fullTitle": "Api 10.- Pago con Stripe en la App Validación del Código CVC Debe aceptar un código CVC con 3 dígitos",
                  "timedOut": false,
                  "duration": 0,
                  "state": "passed",
                  "speed": "fast",
                  "pass": true,
                  "fail": false,
                  "pending": false,
                  "context": null,
                  "code": "expect(validarCVC('123')).to.equal('Válido');",
                  "err": {},
                  "uuid": "9c6d0e8b-2ba1-4031-a59a-823b540728b9",
                  "parentUUID": "914cd38c-35c5-4319-bf87-e1dc892d46dc",
                  "isHook": false,
                  "skipped": false
                },
                {
                  "title": "Debe aceptar un código CVC con 4 dígitos",
                  "fullTitle": "Api 10.- Pago con Stripe en la App Validación del Código CVC Debe aceptar un código CVC con 4 dígitos",
                  "timedOut": false,
                  "duration": 0,
                  "state": "passed",
                  "speed": "fast",
                  "pass": true,
                  "fail": false,
                  "pending": false,
                  "context": null,
                  "code": "expect(validarCVC('1234')).to.equal('Válido');",
                  "err": {},
                  "uuid": "8115f358-1dda-461e-831e-8f7e56c4d822",
                  "parentUUID": "914cd38c-35c5-4319-bf87-e1dc892d46dc",
                  "isHook": false,
                  "skipped": false
                }
              ],
              "suites": [],
              "passes": [
                "69c4a625-50d8-421b-b9e3-e891aa0a7cea",
                "9c6d0e8b-2ba1-4031-a59a-823b540728b9",
                "8115f358-1dda-461e-831e-8f7e56c4d822"
              ],
              "failures": [],
              "pending": [],
              "skipped": [],
              "duration": 0,
              "root": false,
              "rootEmpty": false,
              "_timeout": 2000
            },
            {
              "uuid": "e9e35710-28a6-4798-81d6-fd247d033563",
              "title": "Validación del Código Postal",
              "fullFile": "C:\\Users\\GIOVANNI GARCIA R\\OneDrive\\Escritorio\\Validaciones Proyecto\\test\\api.test.js",
              "file": "\\test\\api.test.js",
              "beforeHooks": [],
              "afterHooks": [],
              "tests": [
                {
                  "title": "Debe rechazar un código postal con menos de 5 dígitos",
                  "fullTitle": "Api 10.- Pago con Stripe en la App Validación del Código Postal Debe rechazar un código postal con menos de 5 dígitos",
                  "timedOut": false,
                  "duration": 0,
                  "state": "passed",
                  "speed": "fast",
                  "pass": true,
                  "fail": false,
                  "pending": false,
                  "context": null,
                  "code": "expect(validarCodigoPostal('1234')).to.equal('El código postal debe contener 5 dígitos numéricos.');",
                  "err": {},
                  "uuid": "fa1bf319-0c59-4fff-b83e-724ea6d914e3",
                  "parentUUID": "e9e35710-28a6-4798-81d6-fd247d033563",
                  "isHook": false,
                  "skipped": false
                },
                {
                  "title": "Debe rechazar un código postal con más de 5 dígitos",
                  "fullTitle": "Api 10.- Pago con Stripe en la App Validación del Código Postal Debe rechazar un código postal con más de 5 dígitos",
                  "timedOut": false,
                  "duration": 0,
                  "state": "passed",
                  "speed": "fast",
                  "pass": true,
                  "fail": false,
                  "pending": false,
                  "context": null,
                  "code": "expect(validarCodigoPostal('123456')).to.equal('El código postal debe contener 5 dígitos numéricos.');",
                  "err": {},
                  "uuid": "a136d242-6c22-4bb0-a260-e035162f17cc",
                  "parentUUID": "e9e35710-28a6-4798-81d6-fd247d033563",
                  "isHook": false,
                  "skipped": false
                },
                {
                  "title": "Debe aceptar un código postal válido de 5 dígitos",
                  "fullTitle": "Api 10.- Pago con Stripe en la App Validación del Código Postal Debe aceptar un código postal válido de 5 dígitos",
                  "timedOut": false,
                  "duration": 0,
                  "state": "passed",
                  "speed": "fast",
                  "pass": true,
                  "fail": false,
                  "pending": false,
                  "context": null,
                  "code": "expect(validarCodigoPostal('12345')).to.equal('Válido');",
                  "err": {},
                  "uuid": "9c72f29b-b278-4dc5-a64f-1e7b8f888698",
                  "parentUUID": "e9e35710-28a6-4798-81d6-fd247d033563",
                  "isHook": false,
                  "skipped": false
                },
                {
                  "title": "Debe rechazar un código postal con caracteres no numéricos",
                  "fullTitle": "Api 10.- Pago con Stripe en la App Validación del Código Postal Debe rechazar un código postal con caracteres no numéricos",
                  "timedOut": false,
                  "duration": 0,
                  "state": "passed",
                  "speed": "fast",
                  "pass": true,
                  "fail": false,
                  "pending": false,
                  "context": null,
                  "code": "expect(validarCodigoPostal('12A45')).to.equal('El código postal debe contener 5 dígitos numéricos.');",
                  "err": {},
                  "uuid": "24e9f930-911d-41a0-befa-3802332bf9af",
                  "parentUUID": "e9e35710-28a6-4798-81d6-fd247d033563",
                  "isHook": false,
                  "skipped": false
                }
              ],
              "suites": [],
              "passes": [
                "fa1bf319-0c59-4fff-b83e-724ea6d914e3",
                "a136d242-6c22-4bb0-a260-e035162f17cc",
                "9c72f29b-b278-4dc5-a64f-1e7b8f888698",
                "24e9f930-911d-41a0-befa-3802332bf9af"
              ],
              "failures": [],
              "pending": [],
              "skipped": [],
              "duration": 0,
              "root": false,
              "rootEmpty": false,
              "_timeout": 2000
            }
          ],
          "passes": [],
          "failures": [],
          "pending": [],
          "skipped": [],
          "duration": 0,
          "root": false,
          "rootEmpty": false,
          "_timeout": 2000
        }
      ],
      "passes": [],
      "failures": [],
      "pending": [],
      "skipped": [],
      "duration": 0,
      "root": true,
      "rootEmpty": true,
      "_timeout": 2000
    }
  ],
  "meta": {
    "mocha": {
      "version": "10.8.2"
    },
    "mochawesome": {
      "options": {
        "quiet": false,
        "reportFilename": "mochawesome",
        "saveHtml": true,
        "saveJson": true,
        "consoleReporter": "spec",
        "useInlineDiffs": false,
        "code": true
      },
      "version": "7.1.3"
    },
    "marge": {
      "options": null,
      "version": "6.2.0"
    }
  }
}